SF:lib/features/community/presentation/widgets/community_profile.dart
DA:22,2
DA:36,2
DA:38,2
DA:39,0
DA:40,0
DA:42,2
DA:44,2
DA:46,2
DA:47,2
DA:49,2
DA:50,2
DA:52,4
DA:54,2
DA:55,2
DA:58,2
DA:60,2
DA:62,2
DA:74,2
DA:77,2
DA:79,2
DA:86,2
DA:87,2
DA:89,2
DA:90,2
DA:91,2
DA:92,2
DA:93,2
DA:100,2
DA:101,4
DA:109,2
DA:110,1
DA:117,4
DA:118,4
DA:120,2
DA:121,2
DA:123,2
DA:124,4
DA:131,2
DA:132,4
DA:138,2
DA:141,6
DA:142,2
DA:144,2
DA:145,2
DA:146,4
DA:147,2
DA:149,2
DA:157,2
LF:48
LH:46
end_of_record
SF:lib/features/chat/application/messaging_request.dart
DA:13,0
DA:14,0
DA:17,0
DA:18,0
DA:19,0
DA:23,0
DA:25,0
DA:26,0
DA:27,0
DA:28,0
DA:31,0
DA:33,0
DA:34,0
DA:37,0
DA:38,0
DA:44,0
DA:45,0
DA:48,0
DA:49,0
DA:50,0
DA:54,0
DA:55,0
DA:57,0
DA:59,0
DA:64,0
DA:65,0
DA:66,0
LF:27
LH:0
end_of_record
SF:lib/features/chat/application/room_service.dart
DA:8,0
DA:10,0
DA:11,0
DA:12,0
DA:15,0
DA:18,0
DA:19,0
DA:20,0
DA:21,0
DA:23,0
DA:24,0
DA:27,0
DA:28,0
LF:13
LH:0
end_of_record
SF:lib/features/chat/data/discussion.dart
DA:19,0
DA:29,0
DA:30,0
DA:31,0
DA:32,0
DA:33,0
DA:34,0
DA:35,0
DA:36,0
DA:37,0
DA:41,0
DA:42,0
DA:43,0
DA:44,0
DA:45,0
DA:46,0
DA:47,0
DA:48,0
DA:49,0
DA:51,0
DA:52,0
LF:21
LH:0
end_of_record
SF:lib/features/chat/presentation/chat_page.dart
DA:13,0
DA:14,0
DA:15,0
DA:16,0
DA:23,0
DA:25,0
DA:26,0
DA:35,0
DA:37,0
DA:38,0
DA:39,0
DA:42,0
DA:44,0
DA:46,0
DA:49,0
DA:50,0
DA:51,0
DA:52,0
DA:53,0
DA:56,0
DA:58,0
DA:62,0
DA:64,0
DA:65,0
DA:66,0
DA:68,0
DA:69,0
DA:73,0
DA:75,0
DA:76,0
DA:90,0
DA:91,0
DA:93,0
DA:95,0
DA:100,0
DA:101,0
DA:102,0
DA:103,0
DA:107,0
DA:108,0
DA:109,0
DA:110,0
DA:111,0
DA:119,0
DA:120,0
DA:121,0
DA:125,0
DA:126,0
DA:127,0
DA:128,0
DA:129,0
DA:130,0
DA:133,0
DA:134,0
DA:135,0
DA:136,0
DA:137,0
DA:140,0
DA:143,0
DA:144,0
DA:151,0
DA:152,0
DA:154,0
DA:155,0
DA:156,0
DA:157,0
DA:158,0
DA:159,0
DA:160,0
DA:161,0
DA:162,0
DA:165,0
LF:72
LH:0
end_of_record
SF:lib/themes/chat_theme.dart
DA:5,2
LF:1
LH:1
end_of_record
SF:lib/features/community/data/profile.dart
DA:24,0
DA:48,0
DA:49,0
DA:50,0
DA:51,0
DA:52,0
DA:53,0
DA:54,0
DA:55,0
DA:56,0
DA:57,0
DA:58,0
DA:59,0
DA:60,0
DA:61,0
DA:62,0
DA:63,0
DA:64,0
DA:65,0
DA:66,0
DA:67,0
DA:68,0
DA:69,0
DA:70,0
DA:74,0
DA:75,0
DA:76,0
DA:77,0
DA:78,0
DA:79,0
DA:80,0
DA:81,0
DA:82,0
DA:83,0
DA:84,0
DA:85,0
DA:86,0
DA:87,0
DA:88,0
DA:89,0
DA:90,0
DA:91,0
DA:92,0
DA:93,0
DA:94,0
DA:95,0
DA:96,0
LF:47
LH:0
end_of_record
SF:lib/features/community/presentation/profile_page.dart
DA:19,0
DA:24,0
DA:29,0
DA:33,0
DA:51,0
DA:52,0
DA:60,0
DA:62,0
DA:64,0
DA:67,0
DA:69,0
DA:72,0
DA:75,0
DA:77,0
DA:79,0
DA:84,0
DA:85,0
DA:87,0
DA:89,0
DA:90,0
DA:93,0
DA:94,0
DA:95,0
DA:98,0
DA:102,0
DA:105,0
DA:106,0
DA:107,0
DA:108,0
DA:111,0
DA:113,0
DA:119,0
DA:120,0
DA:121,0
DA:122,0
DA:123,0
DA:125,0
DA:126,0
DA:127,0
DA:134,0
DA:136,0
DA:137,0
DA:139,0
DA:140,0
DA:141,0
DA:142,0
DA:143,0
DA:145,0
DA:146,0
DA:154,0
DA:164,0
DA:165,0
DA:167,0
DA:168,0
DA:169,0
DA:170,0
DA:174,0
DA:179,0
DA:180,0
DA:181,0
DA:182,0
DA:183,0
DA:184,0
DA:185,0
DA:188,0
DA:200,0
DA:204,0
DA:206,0
DA:207,0
DA:208,0
DA:211,0
DA:212,0
DA:213,0
DA:217,0
DA:237,0
DA:238,0
DA:239,0
DA:240,0
DA:251,0
DA:254,0
DA:255,0
LF:81
LH:0
end_of_record
SF:lib/features/community/presentation/states/discussion_notifier.dart
DA:5,0
DA:7,0
DA:8,0
DA:13,0
DA:14,0
LF:5
LH:0
end_of_record
SF:lib/features/community/presentation/widgets/language_card.dart
DA:9,0
DA:11,0
DA:12,0
DA:13,0
DA:14,0
DA:18,0
DA:20,0
DA:23,0
DA:25,0
DA:26,0
DA:28,0
DA:29,0
DA:31,0
DA:32,0
DA:33,0
DA:34,0
DA:35,0
DA:41,0
DA:42,0
DA:51,0
DA:52,0
DA:54,0
DA:58,0
DA:60,0
DA:61,0
DA:62,0
LF:26
LH:0
end_of_record
SF:lib/utils/utils.dart
DA:5,0
DA:6,0
DA:60,0
DA:68,0
DA:70,2
DA:71,2
DA:73,2
LF:7
LH:3
end_of_record
SF:lib/features/onboarding/presentation/languages_selection_page.dart
DA:8,1
DA:10,1
DA:11,1
DA:17,1
DA:19,3
DA:20,3
DA:22,1
DA:23,1
DA:26,1
DA:27,1
DA:29,1
DA:31,1
DA:42,1
DA:43,1
DA:46,1
DA:47,1
DA:49,1
DA:54,1
DA:56,1
DA:62,1
DA:63,1
DA:65,2
DA:68,1
DA:70,1
DA:72,1
DA:74,1
DA:78,2
DA:80,1
DA:82,0
DA:84,3
LF:30
LH:29
end_of_record
SF:lib/features/onboarding/presentation/profile_info_page.dart
DA:7,0
DA:9,0
DA:10,0
DA:19,0
DA:20,0
DA:21,0
DA:24,0
DA:25,0
DA:26,0
DA:27,0
DA:29,0
DA:34,0
DA:35,0
DA:36,0
DA:37,0
DA:38,0
DA:39,0
DA:43,0
DA:46,0
DA:48,0
DA:49,0
DA:50,0
DA:52,0
DA:53,0
DA:54,0
DA:55,0
DA:56,0
DA:58,0
DA:59,0
DA:67,0
DA:68,0
DA:69,0
DA:71,0
DA:72,0
DA:73,0
DA:75,0
DA:76,0
DA:78,0
DA:84,0
DA:86,0
DA:87,0
DA:88,0
DA:89,0
DA:91,0
DA:93,0
DA:96,0
DA:97,0
LF:47
LH:0
end_of_record
SF:lib/features/onboarding/presentation/states/language_provider.dart
DA:4,3
DA:8,3
LF:2
LH:2
end_of_record
SF:lib/features/onboarding/presentation/widgets/language_picker.dart
DA:10,1
DA:17,1
DA:19,2
DA:21,1
DA:23,1
DA:24,1
DA:25,1
DA:26,2
DA:28,1
DA:29,1
DA:35,1
DA:36,1
DA:37,1
DA:38,0
DA:39,0
DA:41,0
DA:46,0
DA:47,0
DA:50,0
DA:51,0
DA:53,0
DA:54,0
DA:55,0
DA:56,0
DA:61,1
DA:63,1
DA:65,1
DA:67,1
DA:69,1
DA:70,1
DA:72,0
DA:73,0
DA:74,1
DA:81,1
LF:34
LH:21
end_of_record
SF:lib/common_widgets/navigation.dart
DA:9,3
DA:11,1
DA:12,1
DA:26,0
DA:27,0
DA:28,0
DA:32,1
DA:34,1
DA:35,2
DA:36,1
DA:55,1
DA:60,1
LF:12
LH:9
end_of_record
SF:lib/common_services/request_service.dart
DA:4,0
DA:8,0
DA:10,0
DA:12,0
DA:13,0
DA:15,0
DA:20,0
DA:22,0
DA:23,0
DA:25,0
LF:10
LH:0
end_of_record
SF:lib/utils/network_interceptor.dart
DA:7,0
DA:9,0
DA:10,0
DA:13,0
DA:15,0
DA:16,0
DA:19,0
DA:21,0
DA:22,0
DA:25,0
DA:27,0
DA:29,0
DA:33,0
DA:34,0
DA:37,0
DA:40,0
DA:43,0
DA:46,0
DA:48,0
DA:49,0
DA:51,0
DA:52,0
DA:54,0
DA:55,0
DA:57,0
DA:60,0
DA:61,0
DA:62,0
DA:63,0
DA:67,0
LF:30
LH:0
end_of_record
SF:lib/common_widgets/gradient_appbar.dart
DA:9,2
DA:16,1
DA:18,1
DA:19,1
DA:20,1
DA:21,1
DA:22,1
DA:23,1
DA:27,1
DA:28,1
DA:29,1
DA:37,1
DA:38,1
DA:42,1
DA:44,1
DA:45,2
LF:16
LH:16
end_of_record
SF:lib/features/community/presentation/community_page.dart
DA:9,1
DA:11,1
DA:12,1
DA:19,1
DA:21,1
DA:22,4
DA:23,2
DA:24,2
DA:25,2
DA:29,1
DA:31,1
DA:32,1
DA:34,1
DA:35,1
DA:36,1
DA:39,0
DA:40,0
DA:45,1
DA:47,1
DA:48,2
DA:49,1
DA:50,1
DA:52,1
DA:53,1
DA:54,1
DA:62,1
DA:63,1
DA:64,1
LF:28
LH:26
end_of_record
SF:lib/features/share_images/presentation/country_folder_page.dart
DA:10,1
DA:12,0
DA:15,0
DA:66,0
DA:70,0
DA:71,0
DA:77,0
DA:78,0
DA:79,0
DA:81,0
DA:82,0
DA:83,0
DA:85,0
DA:90,0
DA:91,0
DA:92,0
DA:95,0
DA:97,0
DA:99,0
DA:101,0
DA:102,0
DA:103,0
DA:104,0
DA:109,0
DA:110,0
DA:122,0
DA:123,0
DA:125,0
DA:126,0
DA:127,0
DA:128,0
DA:130,0
DA:131,0
LF:33
LH:1
end_of_record
SF:lib/features/ranking/presentation/leaderboard_page.dart
DA:9,1
DA:11,0
DA:14,0
DA:15,0
DA:16,0
DA:17,0
DA:18,0
DA:19,0
DA:23,0
DA:24,0
DA:36,0
DA:37,0
DA:38,0
DA:46,0
DA:47,0
DA:57,0
DA:58,0
DA:59,0
DA:61,0
DA:63,0
DA:64,0
DA:65,0
DA:66,0
DA:67,0
DA:68,0
DA:69,0
DA:71,0
DA:73,0
DA:76,0
DA:77,0
DA:78,0
DA:79,0
DA:80,0
DA:81,0
DA:83,0
DA:84,0
DA:86,0
DA:87,0
DA:99,0
DA:100,0
DA:102,0
DA:103,0
LF:42
LH:1
end_of_record
SF:lib/features/chat/presentation/discussion_page.dart
DA:13,2
DA:16,0
DA:17,0
DA:26,0
DA:28,0
DA:29,0
DA:30,0
DA:31,0
DA:33,0
DA:35,0
DA:37,0
DA:38,0
DA:41,0
DA:42,0
DA:44,0
DA:45,0
DA:54,0
DA:55,0
DA:56,0
DA:62,0
DA:63,0
DA:64,0
DA:65,0
DA:66,0
DA:67,0
DA:68,0
DA:69,0
DA:70,0
DA:71,0
DA:74,0
DA:75,0
DA:76,0
DA:77,0
DA:78,0
DA:80,0
DA:81,0
DA:83,0
DA:84,0
DA:86,0
LF:39
LH:1
end_of_record
SF:lib/features/chat/application/isar_service.dart
DA:10,0
DA:11,0
DA:12,0
DA:15,0
DA:16,0
DA:17,0
DA:21,0
DA:22,0
DA:23,0
DA:27,0
DA:28,0
DA:31,0
DA:32,0
LF:13
LH:0
end_of_record
SF:lib/features/chat/data/message.dart
DA:22,0
DA:32,0
DA:33,0
DA:34,0
DA:35,0
DA:36,0
DA:37,0
DA:38,0
DA:39,0
DA:40,0
DA:41,0
DA:46,0
DA:47,0
DA:48,0
DA:49,0
DA:50,0
DA:51,0
DA:52,0
DA:53,0
DA:54,0
LF:20
LH:0
end_of_record
SF:lib/features/login/application/states/provider_appwrite.dart
DA:9,0
DA:10,0
DA:11,0
DA:12,0
DA:13,0
DA:17,0
DA:18,0
DA:19,0
DA:22,0
DA:23,0
DA:24,0
DA:27,0
DA:28,0
DA:29,0
DA:32,0
DA:33,0
DA:34,0
DA:37,0
DA:38,0
DA:39,0
DA:40,0
LF:21
LH:0
end_of_record
SF:lib/features/login/application/appwrite_auth_service.dart
DA:7,0
DA:9,0
DA:11,0
DA:18,0
DA:19,0
DA:20,0
DA:21,0
DA:24,0
DA:26,0
DA:27,0
DA:28,0
DA:31,0
DA:36,0
DA:38,0
DA:39,0
DA:40,0
DA:43,0
DA:44,0
DA:49,0
DA:51,0
DA:53,0
LF:21
LH:0
end_of_record
SF:lib/features/login/application/auth_service.dart
DA:17,0
DA:19,0
DA:20,0
DA:23,0
DA:24,0
DA:25,0
DA:26,0
DA:29,0
DA:30,0
DA:36,0
DA:37,0
DA:38,0
LF:12
LH:0
end_of_record
SF:lib/features/login/application/google_auth_service.dart
DA:11,0
DA:13,0
DA:14,0
DA:16,0
DA:18,0
DA:19,0
DA:21,0
DA:23,0
DA:28,0
DA:33,0
DA:35,0
DA:36,0
DA:38,0
LF:13
LH:0
end_of_record
SF:lib/features/login/presentation/login_email_page.dart
DA:13,1
DA:15,0
DA:16,0
DA:25,0
DA:27,0
DA:28,0
DA:37,0
DA:38,0
DA:42,0
DA:43,0
DA:61,0
DA:62,0
DA:63,0
DA:71,0
DA:72,0
DA:73,0
DA:82,0
DA:83,0
DA:87,0
DA:89,0
DA:91,0
DA:92,0
DA:94,0
DA:95,0
DA:96,0
DA:98,0
DA:99,0
DA:101,0
DA:102,0
DA:108,0
DA:111,0
DA:112,0
DA:113,0
DA:116,0
DA:122,0
DA:124,0
DA:125,0
DA:127,0
DA:128,0
DA:130,0
DA:138,0
DA:139,0
DA:140,0
LF:43
LH:1
end_of_record
SF:lib/main.dart
DA:7,0
DA:8,0
DA:10,0
DA:11,0
DA:12,0
DA:13,0
DA:19,1
DA:21,0
DA:23,0
DA:25,0
DA:27,0
DA:29,0
LF:12
LH:1
end_of_record
SF:lib/features/login/presentation/login_page.dart
DA:15,1
DA:17,0
DA:18,0
DA:23,0
DA:25,0
DA:26,0
DA:35,0
DA:36,0
DA:40,0
DA:58,0
DA:59,0
DA:63,0
DA:65,0
DA:67,0
DA:68,0
DA:69,0
DA:72,0
DA:78,0
DA:80,0
DA:85,0
DA:86,0
DA:90,0
DA:92,0
DA:94,0
DA:95,0
DA:97,0
DA:102,0
DA:114,0
DA:115,0
DA:119,0
DA:121,0
DA:123,0
DA:124,0
DA:126,0
LF:34
LH:1
end_of_record
SF:lib/features/ranking/presentation/widgets/top_leaderboard_box.dart
DA:12,0
DA:21,0
DA:25,0
DA:27,0
DA:33,0
DA:34,0
DA:35,0
DA:48,0
DA:49,0
DA:50,0
DA:51,0
DA:52,0
DA:53,0
DA:54,0
DA:55,0
DA:63,0
DA:64,0
DA:65,0
DA:67,0
DA:70,0
DA:71,0
DA:72,0
DA:73,0
DA:74,0
DA:77,0
DA:78,0
DA:79,0
DA:84,0
DA:85,0
LF:29
LH:0
end_of_record
SF:lib/features/share_images/presentation/image_gallery_page.dart
DA:9,1
DA:11,0
DA:12,0
DA:46,0
DA:47,0
DA:48,0
DA:49,0
DA:50,0
DA:55,0
DA:56,0
DA:64,0
DA:66,0
DA:67,0
DA:68,0
DA:69,0
DA:70,0
DA:71,0
DA:73,0
DA:76,0
DA:78,0
DA:79,0
DA:80,0
DA:81,0
DA:93,0
DA:95,0
DA:97,0
DA:98,0
DA:99,0
DA:100,0
DA:101,0
DA:105,0
DA:108,0
DA:109,0
DA:111,0
DA:112,0
DA:113,0
DA:115,0
DA:116,0
DA:119,0
DA:121,0
DA:122,0
DA:123,0
DA:127,0
DA:129,0
DA:136,0
DA:138,0
DA:140,0
DA:141,0
DA:142,0
DA:145,0
DA:149,0
DA:150,0
DA:156,0
DA:157,0
DA:158,0
DA:159,0
DA:160,0
DA:161,0
DA:163,0
DA:164,0
DA:165,0
DA:166,0
DA:168,0
DA:175,0
DA:176,0
DA:177,0
DA:179,0
DA:180,0
DA:187,0
DA:188,0
DA:189,0
DA:192,0
DA:208,0
DA:214,0
DA:216,0
DA:217,0
DA:220,0
DA:221,0
DA:222,0
DA:223,0
DA:224,0
DA:226,0
DA:230,0
DA:231,0
DA:233,0
LF:85
LH:1
end_of_record
SF:lib/features/share_images/presentation/widgets/multi_select_list.dart
DA:9,0
DA:11,0
DA:12,0
DA:18,0
DA:20,0
DA:21,0
DA:24,0
DA:26,0
DA:27,0
DA:28,0
DA:29,0
DA:30,0
DA:31,0
DA:32,0
DA:33,0
DA:34,0
DA:35,0
DA:37,0
DA:39,0
DA:44,0
LF:20
LH:0
end_of_record
